#
# There is insufficient memory for the Java Runtime Environment to continue.
# Native memory allocation (malloc) failed to allocate 32744 bytes. Error detail: Chunk::new
# Possible reasons:
#   The system is out of physical RAM or swap space
#   This process is running with CompressedOops enabled, and the Java Heap may be blocking the growth of the native heap
# Possible solutions:
#   Reduce memory load on the system
#   Increase physical memory or swap space
#   Check if swap backing store is full
#   Decrease Java heap size (-Xmx/-Xms)
#   Decrease number of Java threads
#   Decrease Java thread stack sizes (-Xss)
#   Set larger code cache with -XX:ReservedCodeCacheSize=
#   JVM is running with Unscaled Compressed Oops mode in which the Java heap is
#     placed in the first 4GB address space. The Java Heap base address is the
#     maximum limit for the native heap growth. Please use -XX:HeapBaseMinAddress
#     to set the Java Heap base and to place the Java Heap above 4GB virtual address.
# This output file may be truncated or incomplete.
#
#  Out of Memory Error (arena.cpp:149), pid=9260, tid=12932
#
# JRE version: Java(TM) SE Runtime Environment (23.0.1+11) (build 23.0.1+11-39)
# Java VM: Java HotSpot(TM) 64-Bit Server VM (23.0.1+11-39, mixed mode, sharing, tiered, compressed oops, compressed class ptrs, g1 gc, windows-amd64)
# No core dump will be written. Minidumps are not enabled by default on client versions of Windows
#

---------------  S U M M A R Y ------------

Command Line: -XX:+ShowCodeDetailsInExceptionMessages LibraryManagementSystem.LibraryManagementSystem

Host: Intel(R) Core(TM) i3-7020U CPU @ 2.30GHz, 4 cores, 7G,  Windows 10 , 64 bit Build 19041 (10.0.19041.5794)
Time: Sun Jun 22 23:23:49 2025 India Standard Time elapsed time: 25.298649 seconds (0d 0h 0m 25s)

---------------  T H R E A D  ---------------

Current thread (0x000001749d81ecc0):  JavaThread "main"             [_thread_in_vm, id=12932, stack(0x00000006dfe00000,0x00000006dff00000) (1024K)]

Stack: [0x00000006dfe00000,0x00000006dff00000]
Native frames: (J=compiled Java code, j=interpreted, Vv=VM code, C=native code)
V  [jvm.dll+0x6e08b9]  (no source info available)
V  [jvm.dll+0x87dc83]  (no source info available)
V  [jvm.dll+0x88010e]  (no source info available)
V  [jvm.dll+0x8807e3]  (no source info available)
V  [jvm.dll+0x27aee6]  (no source info available)
V  [jvm.dll+0xbc06f]  (no source info available)
V  [jvm.dll+0xbc2cb]  (no source info available)
V  [jvm.dll+0x308bce]  (no source info available)
V  [jvm.dll+0x3081a6]  (no source info available)
V  [jvm.dll+0x2135c1]  (no source info available)
V  [jvm.dll+0x208137]  (no source info available)
V  [jvm.dll+0x5be6df]  (no source info available)
V  [jvm.dll+0x7f3c6d]  (no source info available)
V  [jvm.dll+0x476482]  (no source info available)
V  [jvm.dll+0x489c56]  (no source info available)
C  [java.dll+0x163f]  (no source info available)
C  0x00000174af63d207  (no source info available)

The last pc belongs to native method entry point (kind = native) (printed below).
Java frames: (J=compiled Java code, j=interpreted, Vv=VM code)
j  java.lang.ClassLoader.defineClass0(Ljava/lang/ClassLoader;Ljava/lang/Class;Ljava/lang/String;[BIILjava/security/ProtectionDomain;ZILjava/lang/Object;)Ljava/lang/Class;+0 java.base@23.0.1
j  java.lang.System$2.defineClass(Ljava/lang/ClassLoader;Ljava/lang/Class;Ljava/lang/String;[BLjava/security/ProtectionDomain;ZILjava/lang/Object;)Ljava/lang/Class;+17 java.base@23.0.1
j  java.lang.invoke.MethodHandles$Lookup$ClassDefiner.defineClass(ZLjava/lang/Object;)Ljava/lang/Class;+57 java.base@23.0.1
j  java.lang.invoke.InvokerBytecodeGenerator.loadMethod([B)Ljava/lang/invoke/MemberName;+22 java.base@23.0.1
j  java.lang.invoke.InvokerBytecodeGenerator.generateCustomizedCode(Ljava/lang/invoke/LambdaForm;Ljava/lang/invoke/MethodType;)Ljava/lang/invoke/MemberName;+30 java.base@23.0.1
j  java.lang.invoke.LambdaForm.compileToBytecode()V+69 java.base@23.0.1
j  java.lang.invoke.LambdaForm.prepare()V+21 java.base@23.0.1
j  java.lang.invoke.MethodHandle.<init>(Ljava/lang/invoke/MethodType;Ljava/lang/invoke/LambdaForm;)V+33 java.base@23.0.1
j  java.lang.invoke.BoundMethodHandle.<init>(Ljava/lang/invoke/MethodType;Ljava/lang/invoke/LambdaForm;)V+3 java.base@23.0.1
j  java.lang.invoke.SimpleMethodHandle.<init>(Ljava/lang/invoke/MethodType;Ljava/lang/invoke/LambdaForm;)V+3 java.base@23.0.1
j  java.lang.invoke.SimpleMethodHandle.make(Ljava/lang/invoke/MethodType;Ljava/lang/invoke/LambdaForm;)Ljava/lang/invoke/BoundMethodHandle;+6 java.base@23.0.1
j  java.lang.invoke.SimpleMethodHandle.copyWith(Ljava/lang/invoke/MethodType;Ljava/lang/invoke/LambdaForm;)Ljava/lang/invoke/BoundMethodHandle;+2 java.base@23.0.1
j  java.lang.invoke.MethodHandles.dropArgumentsTrusted(Ljava/lang/invoke/MethodHandle;I[Ljava/lang/Class;)Ljava/lang/invoke/MethodHandle;+103 java.base@23.0.1
j  java.lang.invoke.MethodHandles.dropArguments(Ljava/lang/invoke/MethodHandle;ILjava/lang/Class;)Ljava/lang/invoke/MethodHandle;+10 java.base@23.0.1
j  java.lang.invoke.StringConcatFactory.prependBase()Ljava/lang/invoke/MethodHandle;+18 java.base@23.0.1
j  java.lang.invoke.StringConcatFactory.prepender(I[Ljava/lang/String;[Ljava/lang/Class;I)Ljava/lang/invoke/MethodHandle;+40 java.base@23.0.1
j  java.lang.invoke.StringConcatFactory.filterInPrependers(Ljava/lang/invoke/MethodHandle;[Ljava/lang/String;[Ljava/lang/Class;)Ljava/lang/invoke/MethodHandle;+64 java.base@23.0.1
j  java.lang.invoke.StringConcatFactory.generateMHInlineCopy(Ljava/lang/invoke/MethodType;[Ljava/lang/String;)Ljava/lang/invoke/MethodHandle;+388 java.base@23.0.1
j  java.lang.invoke.StringConcatFactory.makeConcatWithConstants(Ljava/lang/invoke/MethodHandles$Lookup;Ljava/lang/String;Ljava/lang/invoke/MethodType;Ljava/lang/String;[Ljava/lang/Object;)Ljava/lang/invoke/CallSite;+237 java.base@23.0.1
j  java.lang.invoke.DirectMethodHandle$Holder.invokeStatic(Ljava/lang/Object;Ljava/lang/Object;Ljava/lang/Object;Ljava/lang/Object;Ljava/lang/Object;Ljava/lang/Object;)Ljava/lang/Object;+18 java.base@23.0.1
j  java.lang.invoke.DelegatingMethodHandle$Holder.delegate(Ljava/lang/Object;Ljava/lang/Object;Ljava/lang/Object;Ljava/lang/Object;Ljava/lang/Object;Ljava/lang/Object;)Ljava/lang/Object;+21 java.base@23.0.1
j  java.lang.invoke.Invokers$Holder.invokeExact_MT(Ljava/lang/Object;Ljava/lang/Object;Ljava/lang/Object;Ljava/lang/Object;Ljava/lang/Object;Ljava/lang/Object;Ljava/lang/Object;)Ljava/lang/Object;+26 java.base@23.0.1
j  java.lang.invoke.BootstrapMethodInvoker.invoke(Ljava/lang/Class;Ljava/lang/invoke/MethodHandle;Ljava/lang/String;Ljava/lang/Object;Ljava/lang/Object;Ljava/lang/Class;)Ljava/lang/Object;+157 java.base@23.0.1
j  java.lang.invoke.CallSite.makeSite(Ljava/lang/invoke/MethodHandle;Ljava/lang/String;Ljava/lang/invoke/MethodType;Ljava/lang/Object;Ljava/lang/Class;)Ljava/lang/invoke/CallSite;+8 java.base@23.0.1
j  java.lang.invoke.MethodHandleNatives.linkCallSiteImpl(Ljava/lang/Class;Ljava/lang/invoke/MethodHandle;Ljava/lang/String;Ljava/lang/invoke/MethodType;Ljava/lang/Object;[Ljava/lang/Object;)Ljava/lang/invoke/MemberName;+6 java.base@23.0.1
j  java.lang.invoke.MethodHandleNatives.linkCallSite(Ljava/lang/Object;Ljava/lang/Object;Ljava/lang/Object;Ljava/lang/Object;Ljava/lang/Object;[Ljava/lang/Object;)Ljava/lang/invoke/MemberName;+45 java.base@23.0.1
v  ~StubRoutines::call_stub 0x00000174af630fcd
j  LibraryManagementSystem.Book.toString()Ljava/lang/String;+12
j  java.lang.String.valueOf(Ljava/lang/Object;)Ljava/lang/String;+11 java.base@23.0.1
j  java.io.PrintStream.println(Ljava/lang/Object;)V+1 java.base@23.0.1
j  LibraryManagementSystem.LibraryManagementSystem.main([Ljava/lang/String;)V+139
v  ~StubRoutines::call_stub 0x00000174af630fcd
Lock stack of current Java thread (top to bottom):

native method entry point (kind = native)  [0x00000174af63cde0, 0x00000174af63d938]  2904 bytes
[MachCode]
  0x00000174af63cde0: 488b 4b08 | 0fb7 492e | 584c 8d74 | ccf8 6800 | 0000 0068 | 0000 0000 | 5055 488b | ec41 5568 
  0x00000174af63ce00: 0000 0000 | 4c8b 6b08 | 4d8d 6d38 | 5348 8b53 | 0848 8b52 | 0848 8b52 | 1848 8b52 | 7048 8b12 
  0x00000174af63ce20: 5248 8b53 | 1048 85d2 | 0f84 0700 | 0000 4881 | c210 0100 | 0052 488b | 5308 488b | 5208 488b 
  0x00000174af63ce40: 5210 5249 | 8bc6 482b | c548 c1e8 | 0350 6800 | 0000 0068 | f7ff ffff | 41c6 8771 | 0400 0001 
  0x00000174af63ce60: 488b 4310 | 4885 c074 | 208b 88cc | 0000 0083 | c102 8988 | cc00 0000 | 2388 e000 | 0000 0f84 
  0x00000174af63ce80: 000a 0000 | e9cf 0000 | 0048 8b43 | 1848 85c0 | 0f85 b000 | 0000 e805 | 0000 00e9 | 9900 0000 
  0x00000174af63cea0: 488b d348 | 8d44 2408 | 4c89 6dc0 | 498b cfc5 | f877 4989 | afb0 0300 | 0049 8987 | a003 0000 
  0x00000174af63cec0: 4883 ec20 | 40f6 c40f | 0f84 1900 | 0000 4883 | ec08 48b8 | 9026 6973 | f87f 0000 | ffd0 4883 
  0x00000174af63cee0: c408 e90c | 0000 0048 | b890 2669 | 73f8 7f00 | 00ff d048 | 83c4 2049 | c787 a003 | 0000 0000 
  0x00000174af63cf00: 0000 49c7 | 87b0 0300 | 0000 0000 | 0049 c787 | a803 0000 | 0000 0000 | c5f8 7749 | 837f 0800 
  0x00000174af63cf20: 0f84 0500 | 0000 e995 | 3fff ff4c | 8b6d c04c | 8b75 c84e | 8d74 f500 | c348 8b43 | 1848 85c0 
  0x00000174af63cf40: 0f84 1200 | 0000 8b48 | 0883 c102 | 8948 0823 | 481c 0f84 | 2c09 0000 | 493b a7e8 | 0400 000f 
  0x00000174af63cf60: 8748 0000 | 0089 8424 | 00f0 ffff | 8984 2400 | e0ff ff89 | 8424 00d0 | ffff 8984 | 2400 c0ff 
  0x00000174af63cf80: ff89 8424 | 00b0 ffff | 8984 2400 | a0ff ff89 | 8424 0090 | ffff 8984 | 2400 80ff | ff49 3ba7 
  0x00000174af63cfa0: e004 0000 | 7607 4989 | a7e8 0400 | 0041 c687 | 7104 0000 | 0049 ba41 | adf0 73f8 | 7f00 0041 
  0x00000174af63cfc0: 803a 000f | 843e 0000 | 0048 8b55 | e849 8bcf | 4883 ec20 | 40f6 c40f | 0f84 1900 | 0000 4883 
  0x00000174af63cfe0: ec08 48b8 | 10ee a073 | f87f 0000 | ffd0 4883 | c408 e90c | 0000 0048 | b810 eea0 | 73f8 7f00 
  0x00000174af63d000: 00ff d048 | 83c4 2048 | 8b5d e84c | 8b5b 0845 | 0fb7 5b2e | 41c1 e303 | 492b e348 | 83ec 2048 
  0x00000174af63d020: 83e4 f04c | 8b5b 604d | 85db 0f85 | ab00 0000 | e805 0000 | 00e9 9900 | 0000 488b | d348 8d44 
  0x00000174af63d040: 2408 4c89 | 6dc0 498b | cfc5 f877 | 4989 afb0 | 0300 0049 | 8987 a003 | 0000 4883 | ec20 40f6 
  0x00000174af63d060: c40f 0f84 | 1900 0000 | 4883 ec08 | 48b8 f04d | 6973 f87f | 0000 ffd0 | 4883 c408 | e90c 0000 
  0x00000174af63d080: 0048 b8f0 | 4d69 73f8 | 7f00 00ff | d048 83c4 | 2049 c787 | a003 0000 | 0000 0000 | 49c7 87b0 
  0x00000174af63d0a0: 0300 0000 | 0000 0049 | c787 a803 | 0000 0000 | 0000 c5f8 | 7749 837f | 0800 0f84 | 0500 0000 
  0x00000174af63d0c0: e9fb 3dff | ff4c 8b6d | c04c 8b75 | c84e 8d74 | f500 c348 | 8b5d e84c | 8b5b 6041 | ffd3 488b 
  0x00000174af63d0e0: 5de8 4889 | 4518 448b | 5b28 41f6 | c308 0f84 | 1b00 0000 | 4c8b 5b08 | 4d8b 5b08 | 4d8b 5b18 
  0x00000174af63d100: 4d8b 5b70 | 4d8b 1b4c | 895d 1048 | 8d55 1048 | 8b43 5849 | ba60 3ca1 | 73f8 7f00 | 0049 3bc2 
  0x00000174af63d120: 0f85 ab00 | 0000 e805 | 0000 00e9 | 9900 0000 | 488b d348 | 8d44 2408 | 4c89 6dc0 | 498b cfc5 
  0x00000174af63d140: f877 4989 | afb0 0300 | 0049 8987 | a003 0000 | 4883 ec20 | 40f6 c40f | 0f84 1900 | 0000 4883 
  0x00000174af63d160: ec08 48b8 | f04d 6973 | f87f 0000 | ffd0 4883 | c408 e90c | 0000 0048 | b8f0 4d69 | 73f8 7f00 
  0x00000174af63d180: 00ff d048 | 83c4 2049 | c787 a003 | 0000 0000 | 0000 49c7 | 87b0 0300 | 0000 0000 | 0049 c787 
  0x00000174af63d1a0: a803 0000 | 0000 0000 | c5f8 7749 | 837f 0800 | 0f84 0500 | 0000 e905 | 3dff ff4c | 8b6d c04c 
  0x00000174af63d1c0: 8b75 c84e | 8d74 f500 | c348 8b5d | e848 8b43 | 5849 8d8f | c003 0000 | c5f8 7749 | 89af b003 
  0x00000174af63d1e0: 0000 49ba | d8d1 63af | 7401 0000 | 4d89 97a8 | 0300 0049 | 89a7 a003 | 0000 41c7 | 8744 0400 
  0x00000174af63d200: 0004 0000 | 00ff d0c5 | f877 4883 | ec10 c5fb | 1104 2448 | 83ec 1048 | 8904 2448 | c744 2408 
  0x00000174af63d220: 0000 0000 | 41c7 8744 | 0400 0005 | 0000 00f0 | 8344 24c0 | 0049 3baf | 4804 0000 | 0f87 0e00 
  0x00000174af63d240: 0000 4183 | bf40 0400 | 0000 0f84 | 2000 0000 | 498b cf4c | 8be4 4883 | ec20 4883 | e4f0 48b8 
  0x00000174af63d260: 90a9 6a73 | f87f 0000 | ffd0 498b | e44d 33e4 | 41c7 8744 | 0400 0008 | 0000 0049 | c787 a003 
  0x00000174af63d280: 0000 0000 | 0000 49c7 | 87b0 0300 | 0000 0000 | 0049 c787 | a803 0000 | 0000 0000 | c5f8 774d 
  0x00000174af63d2a0: 8b9f 3004 | 0000 41c7 | 8300 0100 | 0000 0000 | 0049 bbda | a563 af74 | 0100 004c | 3b5d 180f 
  0x00000174af63d2c0: 8524 0200 | 0048 8b04 | 2448 83c4 | 1048 85c0 | 0f84 fe01 | 0000 a803 | 0f85 0800 | 0000 488b 
  0x00000174af63d2e0: 00e9 ee01 | 0000 a801 | 0f85 0900 | 0000 488b | 40fe e9dd | 0100 0048 | 8b40 ff41 | 807f 3800 
  0x00000174af63d300: 0f84 ce01 | 0000 4883 | f800 0f84 | c401 0000 | 4d8b 5f28 | 4983 fb00 | 0f84 1400 | 0000 4983 
  0x00000174af63d320: eb08 4d89 | 5f28 4d03 | 5f30 4989 | 03e9 a201 | 0000 4881 | ecd0 0000 | 0048 8904 | 2448 894c 
  0x00000174af63d340: 2408 4889 | 5424 1048 | 8974 2418 | 4889 7c24 | 204c 8944 | 2428 4c89 | 4c24 304c | 8954 2438 
  0x00000174af63d360: 4c89 5c24 | 40c5 fb11 | 4424 50c5 | fb11 4c24 | 58c5 fb11 | 5424 60c5 | fb11 5c24 | 68c5 fb11 
  0x00000174af63d380: 6424 70c5 | fb11 6c24 | 78c5 fb11 | b424 8000 | 0000 c5fb | 11bc 2488 | 0000 00c5 | 7b11 8424 
  0x00000174af63d3a0: 9000 0000 | c57b 118c | 2498 0000 | 00c5 7b11 | 9424 a000 | 0000 c57b | 119c 24a8 | 0000 00c5 
  0x00000174af63d3c0: 7b11 a424 | b000 0000 | c57b 11ac | 24b8 0000 | 00c5 7b11 | b424 c000 | 0000 c57b | 11bc 24c8 
  0x00000174af63d3e0: 0000 0049 | 8bd7 488b | c848 83ec | 2040 f6c4 | 0f0f 8419 | 0000 0048 | 83ec 0848 | b8e0 075e 
  0x00000174af63d400: 73f8 7f00 | 00ff d048 | 83c4 08e9 | 0c00 0000 | 48b8 e007 | 5e73 f87f | 0000 ffd0 | 4883 c420 
  0x00000174af63d420: c57b 10bc | 24c8 0000 | 00c5 7b10 | b424 c000 | 0000 c57b | 10ac 24b8 | 0000 00c5 | 7b10 a424 
  0x00000174af63d440: b000 0000 | c57b 109c | 24a8 0000 | 00c5 7b10 | 9424 a000 | 0000 c57b | 108c 2498 | 0000 00c5 
  0x00000174af63d460: 7b10 8424 | 9000 0000 | c5fb 10bc | 2488 0000 | 00c5 fb10 | b424 8000 | 0000 c5fb | 106c 2478 
  0x00000174af63d480: c5fb 1064 | 2470 c5fb | 105c 2468 | c5fb 1054 | 2460 c5fb | 104c 2458 | c5fb 1044 | 2450 4c8b 
  0x00000174af63d4a0: 5c24 404c | 8b54 2438 | 4c8b 4c24 | 304c 8b44 | 2428 488b | 7c24 2048 | 8b74 2418 | 488b 5424 
  0x00000174af63d4c0: 1048 8b4c | 2408 488b | 0424 4881 | c4d0 0000 | 00c5 f877 | 4889 4510 | 4883 ec10 | 4889 0424 
  0x00000174af63d4e0: 48c7 4424 | 0800 0000 | 0041 83bf | c804 0000 | 020f 85bf | 0000 0048 | 81ec 8000 | 0000 4889 
  0x00000174af63d500: 4424 7848 | 894c 2470 | 4889 5424 | 6848 895c | 2460 4889 | 6c24 5048 | 8974 2448 | 4889 7c24 
  0x00000174af63d520: 404c 8944 | 2438 4c89 | 4c24 304c | 8954 2428 | 4c89 5c24 | 204c 8964 | 2418 4c89 | 6c24 104c 
  0x00000174af63d540: 8974 2408 | 4c89 3c24 | 4c8b e448 | 83ec 2048 | 83e4 f048 | b8c0 22a1 | 73f8 7f00 | 00ff d049 
  0x00000174af63d560: 8be4 4c8b | 3c24 4c8b | 7424 084c | 8b6c 2410 | 4c8b 6424 | 184c 8b5c | 2420 4c8b | 5424 284c 
  0x00000174af63d580: 8b4c 2430 | 4c8b 4424 | 3848 8b7c | 2440 488b | 7424 4848 | 8b6c 2450 | 488b 5c24 | 6048 8b54 
  0x00000174af63d5a0: 2468 488b | 4c24 7048 | 8b44 2478 | 4881 c480 | 0000 004d | 33e4 488b | 5de8 4c8b | 6b08 4d8d 
  0x00000174af63d5c0: 6d38 4983 | 7f08 000f | 84bb 0000 | 00e8 0500 | 0000 e996 | 0000 0048 | 8d44 2408 | 4c89 6dc0 
  0x00000174af63d5e0: 498b cfc5 | f877 4989 | afb0 0300 | 0049 8987 | a003 0000 | 4883 ec20 | 40f6 c40f | 0f84 1900 
  0x00000174af63d600: 0000 4883 | ec08 48b8 | 006c 6973 | f87f 0000 | ffd0 4883 | c408 e90c | 0000 0048 | b800 6c69 
  0x00000174af63d620: 73f8 7f00 | 00ff d048 | 83c4 2049 | c787 a003 | 0000 0000 | 0000 49c7 | 87b0 0300 | 0000 0000 
  0x00000174af63d640: 0049 c787 | a803 0000 | 0000 0000 | c5f8 7749 | 837f 0800 | 0f84 0500 | 0000 e961 | 38ff ff4c 
  0x00000174af63d660: 8b6d c04c | 8b75 c84e | 8d74 f500 | c348 b940 | d5c8 73f8 | 7f00 0048 | 83e4 f048 | b870 4a8f 
  0x00000174af63d680: 73f8 7f00 | 00ff d0f4 | 448b 5b28 | 41f6 c320 | 0f84 7901 | 0000 488d | 55a8 4c8b | 5a08 4d85 
  0x00000174af63d6a0: db0f 85bb | 0000 00e8 | 0500 0000 | e996 0000 | 0048 8d44 | 2408 4c89 | 6dc0 498b | cfc5 f877 
  0x00000174af63d6c0: 4989 afb0 | 0300 0049 | 8987 a003 | 0000 4883 | ec20 40f6 | c40f 0f84 | 1900 0000 | 4883 ec08 
  0x00000174af63d6e0: 48b8 306b | 6973 f87f | 0000 ffd0 | 4883 c408 | e90c 0000 | 0048 b830 | 6b69 73f8 | 7f00 00ff 
  0x00000174af63d700: d048 83c4 | 2049 c787 | a003 0000 | 0000 0000 | 49c7 87b0 | 0300 0000 | 0000 0049 | c787 a803 
  0x00000174af63d720: 0000 0000 | 0000 c5f8 | 7749 837f | 0800 0f84 | 0500 0000 | e987 37ff | ff4c 8b6d | c04c 8b75 
  0x00000174af63d740: c84e 8d74 | f500 c348 | b940 d5c8 | 73f8 7f00 | 0048 83e4 | f048 b870 | 4a8f 73f8 | 7f00 00ff 
  0x00000174af63d760: d0f4 4c89 | 6dc0 4c8b | 4a08 48c7 | 4208 0000 | 0000 458b | 8718 0600 | 004f 3b4c | 07f8 0f85 
  0x00000174af63d780: 4900 0000 | 4183 af18 | 0600 0008 | 4f3b 4c07 | f00f 842a | 0000 0049 | 8b01 a802 | 0f85 1200 
  0x00000174af63d7a0: 0000 4c8b | c049 83c8 | 01f0 4d0f | b101 0f84 | 0d00 0000 | 4183 8718 | 0600 0008 | e90c 0000 
  0x00000174af63d7c0: 0049 ff8f | 5005 0000 | e93e 0000 | 004c 894a | 0848 8bca | 4883 ec20 | 40f6 c40f | 0f84 1900 
  0x00000174af63d7e0: 0000 4883 | ec08 48b8 | f03d 6973 | f87f 0000 | ffd0 4883 | c408 e90c | 0000 0048 | b8f0 3d69 
  0x00000174af63d800: 73f8 7f00 | 00ff d048 | 83c4 204c | 8b6d c049 | ba41 adf0 | 73f8 7f00 | 0041 803a | 000f 843e 
  0x00000174af63d820: 0000 0048 | 8b55 e849 | 8bcf 4883 | ec20 40f6 | c40f 0f84 | 1900 0000 | 4883 ec08 | 48b8 10ee 
  0x00000174af63d840: a073 f87f | 0000 ffd0 | 4883 c408 | e90c 0000 | 0048 b810 | eea0 73f8 | 7f00 00ff | d048 83c4 
  0x00000174af63d860: 2048 8b04 | 2448 83c4 | 10c5 fb10 | 0424 4883 | c410 4c8b | 5d18 41ff | d34c 8b5d | f8c9 5f49 
  0x00000174af63d880: 8be3 ffe7 | ba00 0000 | 00e8 0500 | 0000 e996 | 0000 0048 | 8d44 2408 | 4c89 6dc0 | 498b cfc5 
  0x00000174af63d8a0: f877 4989 | afb0 0300 | 0049 8987 | a003 0000 | 4883 ec20 | 40f6 c40f | 0f84 1900 | 0000 4883 
  0x00000174af63d8c0: ec08 48b8 | a031 6973 | f87f 0000 | ffd0 4883 | c408 e90c | 0000 0048 | b8a0 3169 | 73f8 7f00 
  0x00000174af63d8e0: 00ff d048 | 83c4 2049 | c787 a003 | 0000 0000 | 0000 49c7 | 87b0 0300 | 0000 0000 | 0049 c787 
  0x00000174af63d900: a803 0000 | 0000 0000 | c5f8 7749 | 837f 0800 | 0f84 0500 | 0000 e9a5 | 35ff ff4c | 8b6d c04c 
  0x00000174af63d920: 8b75 c84e | 8d74 f500 | c348 8b5d | e8e9 26f6 | ffff 660f | 1f44 0000 
[/MachCode]

---------------  P R O C E S S  ---------------

Threads class SMR info:
_java_thread_list=0x00000174fd0fc230, length=11, elements={
0x000001749d81ecc0, 0x00000174bbd0e740, 0x00000174bbd0f170, 0x00000174bbd10b50,
0x00000174bbd13520, 0x00000174bbd17ba0, 0x00000174bbd20220, 0x00000174bbd260d0,
0x00000174bbd28db0, 0x00000174fd1207e0, 0x00000174fd120150
}

Java Threads: ( => current thread )
=>0x000001749d81ecc0 JavaThread "main"                              [_thread_in_vm, id=12932, stack(0x00000006dfe00000,0x00000006dff00000) (1024K)]
  0x00000174bbd0e740 JavaThread "Reference Handler"          daemon [_thread_blocked, id=8456, stack(0x00000006e0600000,0x00000006e0700000) (1024K)]
  0x00000174bbd0f170 JavaThread "Finalizer"                  daemon [_thread_blocked, id=16988, stack(0x00000006e0700000,0x00000006e0800000) (1024K)]
  0x00000174bbd10b50 JavaThread "Signal Dispatcher"          daemon [_thread_blocked, id=18224, stack(0x00000006e0800000,0x00000006e0900000) (1024K)]
  0x00000174bbd13520 JavaThread "Attach Listener"            daemon [_thread_blocked, id=10184, stack(0x00000006e0900000,0x00000006e0a00000) (1024K)]
  0x00000174bbd17ba0 JavaThread "Service Thread"             daemon [_thread_blocked, id=13808, stack(0x00000006e0a00000,0x00000006e0b00000) (1024K)]
  0x00000174bbd20220 JavaThread "Monitor Deflation Thread"   daemon [_thread_blocked, id=17876, stack(0x00000006e0b00000,0x00000006e0c00000) (1024K)]
  0x00000174bbd260d0 JavaThread "C2 CompilerThread0"         daemon [_thread_blocked, id=12044, stack(0x00000006e0c00000,0x00000006e0d00000) (1024K)]
  0x00000174bbd28db0 JavaThread "C1 CompilerThread0"         daemon [_thread_in_native, id=15148, stack(0x00000006e0d00000,0x00000006e0e00000) (1024K)]
  0x00000174fd1207e0 JavaThread "Notification Thread"        daemon [_thread_blocked, id=4844, stack(0x00000006e0e00000,0x00000006e0f00000) (1024K)]
  0x00000174fd120150 JavaThread "Common-Cleaner"             daemon [_thread_blocked, id=17372, stack(0x00000006e0f00000,0x00000006e1000000) (1024K)]
Total: 11

Other Threads:
  0x00000174bbcf5500 VMThread "VM Thread"                           [id=10408, stack(0x00000006e0500000,0x00000006e0600000) (1024K)]
  0x00000174bbce5ee0 WatcherThread "VM Periodic Task Thread"        [id=17436, stack(0x00000006e0400000,0x00000006e0500000) (1024K)]
  0x000001749fa12e10 WorkerThread "GC Thread#0"                     [id=2964, stack(0x00000006dff00000,0x00000006e0000000) (1024K)]
  0x000001749fa27b10 ConcurrentGCThread "G1 Main Marker"            [id=14396, stack(0x00000006e0000000,0x00000006e0100000) (1024K)]
  0x000001749fa28dc0 WorkerThread "G1 Conc#0"                       [id=17172, stack(0x00000006e0100000,0x00000006e0200000) (1024K)]
  0x000001749fa8e4c0 ConcurrentGCThread "G1 Refine#0"               [id=12204, stack(0x00000006e0200000,0x00000006e0300000) (1024K)]
  0x00000174bbbba100 ConcurrentGCThread "G1 Service"                [id=12448, stack(0x00000006e0300000,0x00000006e0400000) (1024K)]
Total: 7

Threads with active compile tasks:
C1 CompilerThread0  27043  197       3       jdk.internal.org.objectweb.asm.ByteVector::putUTF8 (144 bytes)
Total: 1

VM state: not at safepoint (normal execution)

VM Mutex/Monitor currently owned by a thread: None

Heap address: 0x0000000082000000, size: 2016 MB, Compressed Oops mode: 32-bit

CDS archive(s) mapped at: [0x00000174bc000000-0x00000174bcd70000-0x00000174bcd70000), size 14090240, SharedBaseAddress: 0x00000174bc000000, ArchiveRelocationMode: 1.
Compressed class space mapped at: 0x00000174bd000000-0x00000174fd000000, reserved size: 1073741824
Narrow klass base: 0x00000174bc000000, Narrow klass shift: 0, Narrow klass range: 0x41000000

GC Precious Log:
 CardTable entry size: 512
 Card Set container configuration: InlinePtr #cards 5 size 8 Array Of Cards #cards 10 size 36 Howl #buckets 4 coarsen threshold 1843 Howl Bitmap #cards 512 size 80 coarsen threshold 460 Card regions per heap region 1 cards per card region 2048
 CPUs: 4 total, 4 available
 Memory: 8057M
 Large Page Support: Disabled
 NUMA Support: Disabled
 Compressed Oops: Enabled (32-bit)
 Heap Region Size: 1M
 Heap Min Capacity: 8M
 Heap Initial Capacity: 126M
 Heap Max Capacity: 2016M
 Pre-touch: Disabled
 Parallel Workers: 4
 Concurrent Workers: 1
 Concurrent Refinement Workers: 4
 Periodic GC: Disabled

Heap:
 garbage-first heap   total reserved 2064384K, committed 129024K, used 2048K [0x0000000082000000, 0x0000000100000000)
  region size 1024K, 3 young (3072K), 0 survivors (0K)
 Metaspace       used 449K, committed 640K, reserved 1114112K
  class space    used 27K, committed 128K, reserved 1048576K

Heap Regions: E=young(eden), S=young(survivor), O=old, HS=humongous(starts), HC=humongous(continues), CS=collection set, F=free, TAMS=top-at-mark-start, PB=parsable bottom
|   0|0x0000000082000000, 0x0000000082000000, 0x0000000082100000|  0%| F|  |TAMS 0x0000000082000000| PB 0x0000000082000000| Untracked |  0
|   1|0x0000000082100000, 0x0000000082100000, 0x0000000082200000|  0%| F|  |TAMS 0x0000000082100000| PB 0x0000000082100000| Untracked |  0
|   2|0x0000000082200000, 0x0000000082200000, 0x0000000082300000|  0%| F|  |TAMS 0x0000000082200000| PB 0x0000000082200000| Untracked |  0
|   3|0x0000000082300000, 0x0000000082300000, 0x0000000082400000|  0%| F|  |TAMS 0x0000000082300000| PB 0x0000000082300000| Untracked |  0
|   4|0x0000000082400000, 0x0000000082400000, 0x0000000082500000|  0%| F|  |TAMS 0x0000000082400000| PB 0x0000000082400000| Untracked |  0
|   5|0x0000000082500000, 0x0000000082500000, 0x0000000082600000|  0%| F|  |TAMS 0x0000000082500000| PB 0x0000000082500000| Untracked |  0
|   6|0x0000000082600000, 0x0000000082600000, 0x0000000082700000|  0%| F|  |TAMS 0x0000000082600000| PB 0x0000000082600000| Untracked |  0
|   7|0x0000000082700000, 0x0000000082700000, 0x0000000082800000|  0%| F|  |TAMS 0x0000000082700000| PB 0x0000000082700000| Untracked |  0
|   8|0x0000000082800000, 0x0000000082800000, 0x0000000082900000|  0%| F|  |TAMS 0x0000000082800000| PB 0x0000000082800000| Untracked |  0
|   9|0x0000000082900000, 0x0000000082900000, 0x0000000082a00000|  0%| F|  |TAMS 0x0000000082900000| PB 0x0000000082900000| Untracked |  0
|  10|0x0000000082a00000, 0x0000000082a00000, 0x0000000082b00000|  0%| F|  |TAMS 0x0000000082a00000| PB 0x0000000082a00000| Untracked |  0
|  11|0x0000000082b00000, 0x0000000082b00000, 0x0000000082c00000|  0%| F|  |TAMS 0x0000000082b00000| PB 0x0000000082b00000| Untracked |  0
|  12|0x0000000082c00000, 0x0000000082c00000, 0x0000000082d00000|  0%| F|  |TAMS 0x0000000082c00000| PB 0x0000000082c00000| Untracked |  0
|  13|0x0000000082d00000, 0x0000000082d00000, 0x0000000082e00000|  0%| F|  |TAMS 0x0000000082d00000| PB 0x0000000082d00000| Untracked |  0
|  14|0x0000000082e00000, 0x0000000082e00000, 0x0000000082f00000|  0%| F|  |TAMS 0x0000000082e00000| PB 0x0000000082e00000| Untracked |  0
|  15|0x0000000082f00000, 0x0000000082f00000, 0x0000000083000000|  0%| F|  |TAMS 0x0000000082f00000| PB 0x0000000082f00000| Untracked |  0
|  16|0x0000000083000000, 0x0000000083000000, 0x0000000083100000|  0%| F|  |TAMS 0x0000000083000000| PB 0x0000000083000000| Untracked |  0
|  17|0x0000000083100000, 0x0000000083100000, 0x0000000083200000|  0%| F|  |TAMS 0x0000000083100000| PB 0x0000000083100000| Untracked |  0
|  18|0x0000000083200000, 0x0000000083200000, 0x0000000083300000|  0%| F|  |TAMS 0x0000000083200000| PB 0x0000000083200000| Untracked |  0
|  19|0x0000000083300000, 0x0000000083300000, 0x0000000083400000|  0%| F|  |TAMS 0x0000000083300000| PB 0x0000000083300000| Untracked |  0
|  20|0x0000000083400000, 0x0000000083400000, 0x0000000083500000|  0%| F|  |TAMS 0x0000000083400000| PB 0x0000000083400000| Untracked |  0
|  21|0x0000000083500000, 0x0000000083500000, 0x0000000083600000|  0%| F|  |TAMS 0x0000000083500000| PB 0x0000000083500000| Untracked |  0
|  22|0x0000000083600000, 0x0000000083600000, 0x0000000083700000|  0%| F|  |TAMS 0x0000000083600000| PB 0x0000000083600000| Untracked |  0
|  23|0x0000000083700000, 0x0000000083700000, 0x0000000083800000|  0%| F|  |TAMS 0x0000000083700000| PB 0x0000000083700000| Untracked |  0
|  24|0x0000000083800000, 0x0000000083800000, 0x0000000083900000|  0%| F|  |TAMS 0x0000000083800000| PB 0x0000000083800000| Untracked |  0
|  25|0x0000000083900000, 0x0000000083900000, 0x0000000083a00000|  0%| F|  |TAMS 0x0000000083900000| PB 0x0000000083900000| Untracked |  0
|  26|0x0000000083a00000, 0x0000000083a00000, 0x0000000083b00000|  0%| F|  |TAMS 0x0000000083a00000| PB 0x0000000083a00000| Untracked |  0
|  27|0x0000000083b00000, 0x0000000083b00000, 0x0000000083c00000|  0%| F|  |TAMS 0x0000000083b00000| PB 0x0000000083b00000| Untracked |  0
|  28|0x0000000083c00000, 0x0000000083c00000, 0x0000000083d00000|  0%| F|  |TAMS 0x0000000083c00000| PB 0x0000000083c00000| Untracked |  0
|  29|0x0000000083d00000, 0x0000000083d00000, 0x0000000083e00000|  0%| F|  |TAMS 0x0000000083d00000| PB 0x0000000083d00000| Untracked |  0
|  30|0x0000000083e00000, 0x0000000083e00000, 0x0000000083f00000|  0%| F|  |TAMS 0x0000000083e00000| PB 0x0000000083e00000| Untracked |  0
|  31|0x0000000083f00000, 0x0000000083f00000, 0x0000000084000000|  0%| F|  |TAMS 0x0000000083f00000| PB 0x0000000083f00000| Untracked |  0
|  32|0x0000000084000000, 0x0000000084000000, 0x0000000084100000|  0%| F|  |TAMS 0x0000000084000000| PB 0x0000000084000000| Untracked |  0
|  33|0x0000000084100000, 0x0000000084100000, 0x0000000084200000|  0%| F|  |TAMS 0x0000000084100000| PB 0x0000000084100000| Untracked |  0
|  34|0x0000000084200000, 0x0000000084200000, 0x0000000084300000|  0%| F|  |TAMS 0x0000000084200000| PB 0x0000000084200000| Untracked |  0
|  35|0x0000000084300000, 0x0000000084300000, 0x0000000084400000|  0%| F|  |TAMS 0x0000000084300000| PB 0x0000000084300000| Untracked |  0
|  36|0x0000000084400000, 0x0000000084400000, 0x0000000084500000|  0%| F|  |TAMS 0x0000000084400000| PB 0x0000000084400000| Untracked |  0
|  37|0x0000000084500000, 0x0000000084500000, 0x0000000084600000|  0%| F|  |TAMS 0x0000000084500000| PB 0x0000000084500000| Untracked |  0
|  38|0x0000000084600000, 0x0000000084600000, 0x0000000084700000|  0%| F|  |TAMS 0x0000000084600000| PB 0x0000000084600000| Untracked |  0
|  39|0x0000000084700000, 0x0000000084700000, 0x0000000084800000|  0%| F|  |TAMS 0x0000000084700000| PB 0x0000000084700000| Untracked |  0
|  40|0x0000000084800000, 0x0000000084800000, 0x0000000084900000|  0%| F|  |TAMS 0x0000000084800000| PB 0x0000000084800000| Untracked |  0
|  41|0x0000000084900000, 0x0000000084900000, 0x0000000084a00000|  0%| F|  |TAMS 0x0000000084900000| PB 0x0000000084900000| Untracked |  0
|  42|0x0000000084a00000, 0x0000000084a00000, 0x0000000084b00000|  0%| F|  |TAMS 0x0000000084a00000| PB 0x0000000084a00000| Untracked |  0
|  43|0x0000000084b00000, 0x0000000084b00000, 0x0000000084c00000|  0%| F|  |TAMS 0x0000000084b00000| PB 0x0000000084b00000| Untracked |  0
|  44|0x0000000084c00000, 0x0000000084c00000, 0x0000000084d00000|  0%| F|  |TAMS 0x0000000084c00000| PB 0x0000000084c00000| Untracked |  0
|  45|0x0000000084d00000, 0x0000000084d00000, 0x0000000084e00000|  0%| F|  |TAMS 0x0000000084d00000| PB 0x0000000084d00000| Untracked |  0
|  46|0x0000000084e00000, 0x0000000084e00000, 0x0000000084f00000|  0%| F|  |TAMS 0x0000000084e00000| PB 0x0000000084e00000| Untracked |  0
|  47|0x0000000084f00000, 0x0000000084f00000, 0x0000000085000000|  0%| F|  |TAMS 0x0000000084f00000| PB 0x0000000084f00000| Untracked |  0
|  48|0x0000000085000000, 0x0000000085000000, 0x0000000085100000|  0%| F|  |TAMS 0x0000000085000000| PB 0x0000000085000000| Untracked |  0
|  49|0x0000000085100000, 0x0000000085100000, 0x0000000085200000|  0%| F|  |TAMS 0x0000000085100000| PB 0x0000000085100000| Untracked |  0
|  50|0x0000000085200000, 0x0000000085200000, 0x0000000085300000|  0%| F|  |TAMS 0x0000000085200000| PB 0x0000000085200000| Untracked |  0
|  51|0x0000000085300000, 0x0000000085300000, 0x0000000085400000|  0%| F|  |TAMS 0x0000000085300000| PB 0x0000000085300000| Untracked |  0
|  52|0x0000000085400000, 0x0000000085400000, 0x0000000085500000|  0%| F|  |TAMS 0x0000000085400000| PB 0x0000000085400000| Untracked |  0
|  53|0x0000000085500000, 0x0000000085500000, 0x0000000085600000|  0%| F|  |TAMS 0x0000000085500000| PB 0x0000000085500000| Untracked |  0
|  54|0x0000000085600000, 0x0000000085600000, 0x0000000085700000|  0%| F|  |TAMS 0x0000000085600000| PB 0x0000000085600000| Untracked |  0
|  55|0x0000000085700000, 0x0000000085700000, 0x0000000085800000|  0%| F|  |TAMS 0x0000000085700000| PB 0x0000000085700000| Untracked |  0
|  56|0x0000000085800000, 0x0000000085800000, 0x0000000085900000|  0%| F|  |TAMS 0x0000000085800000| PB 0x0000000085800000| Untracked |  0
|  57|0x0000000085900000, 0x0000000085900000, 0x0000000085a00000|  0%| F|  |TAMS 0x0000000085900000| PB 0x0000000085900000| Untracked |  0
|  58|0x0000000085a00000, 0x0000000085a00000, 0x0000000085b00000|  0%| F|  |TAMS 0x0000000085a00000| PB 0x0000000085a00000| Untracked |  0
|  59|0x0000000085b00000, 0x0000000085b00000, 0x0000000085c00000|  0%| F|  |TAMS 0x0000000085b00000| PB 0x0000000085b00000| Untracked |  0
|  60|0x0000000085c00000, 0x0000000085c00000, 0x0000000085d00000|  0%| F|  |TAMS 0x0000000085c00000| PB 0x0000000085c00000| Untracked |  0
|  61|0x0000000085d00000, 0x0000000085d00000, 0x0000000085e00000|  0%| F|  |TAMS 0x0000000085d00000| PB 0x0000000085d00000| Untracked |  0
|  62|0x0000000085e00000, 0x0000000085e00000, 0x0000000085f00000|  0%| F|  |TAMS 0x0000000085e00000| PB 0x0000000085e00000| Untracked |  0
|  63|0x0000000085f00000, 0x0000000085f00000, 0x0000000086000000|  0%| F|  |TAMS 0x0000000085f00000| PB 0x0000000085f00000| Untracked |  0
|  64|0x0000000086000000, 0x0000000086000000, 0x0000000086100000|  0%| F|  |TAMS 0x0000000086000000| PB 0x0000000086000000| Untracked |  0
|  65|0x0000000086100000, 0x0000000086100000, 0x0000000086200000|  0%| F|  |TAMS 0x0000000086100000| PB 0x0000000086100000| Untracked |  0
|  66|0x0000000086200000, 0x0000000086200000, 0x0000000086300000|  0%| F|  |TAMS 0x0000000086200000| PB 0x0000000086200000| Untracked |  0
|  67|0x0000000086300000, 0x0000000086300000, 0x0000000086400000|  0%| F|  |TAMS 0x0000000086300000| PB 0x0000000086300000| Untracked |  0
|  68|0x0000000086400000, 0x0000000086400000, 0x0000000086500000|  0%| F|  |TAMS 0x0000000086400000| PB 0x0000000086400000| Untracked |  0
|  69|0x0000000086500000, 0x0000000086500000, 0x0000000086600000|  0%| F|  |TAMS 0x0000000086500000| PB 0x0000000086500000| Untracked |  0
|  70|0x0000000086600000, 0x0000000086600000, 0x0000000086700000|  0%| F|  |TAMS 0x0000000086600000| PB 0x0000000086600000| Untracked |  0
|  71|0x0000000086700000, 0x0000000086700000, 0x0000000086800000|  0%| F|  |TAMS 0x0000000086700000| PB 0x0000000086700000| Untracked |  0
|  72|0x0000000086800000, 0x0000000086800000, 0x0000000086900000|  0%| F|  |TAMS 0x0000000086800000| PB 0x0000000086800000| Untracked |  0
|  73|0x0000000086900000, 0x0000000086900000, 0x0000000086a00000|  0%| F|  |TAMS 0x0000000086900000| PB 0x0000000086900000| Untracked |  0
|  74|0x0000000086a00000, 0x0000000086a00000, 0x0000000086b00000|  0%| F|  |TAMS 0x0000000086a00000| PB 0x0000000086a00000| Untracked |  0
|  75|0x0000000086b00000, 0x0000000086b00000, 0x0000000086c00000|  0%| F|  |TAMS 0x0000000086b00000| PB 0x0000000086b00000| Untracked |  0
|  76|0x0000000086c00000, 0x0000000086c00000, 0x0000000086d00000|  0%| F|  |TAMS 0x0000000086c00000| PB 0x0000000086c00000| Untracked |  0
|  77|0x0000000086d00000, 0x0000000086d00000, 0x0000000086e00000|  0%| F|  |TAMS 0x0000000086d00000| PB 0x0000000086d00000| Untracked |  0
|  78|0x0000000086e00000, 0x0000000086e00000, 0x0000000086f00000|  0%| F|  |TAMS 0x0000000086e00000| PB 0x0000000086e00000| Untracked |  0
|  79|0x0000000086f00000, 0x0000000086f00000, 0x0000000087000000|  0%| F|  |TAMS 0x0000000086f00000| PB 0x0000000086f00000| Untracked |  0
|  80|0x0000000087000000, 0x0000000087000000, 0x0000000087100000|  0%| F|  |TAMS 0x0000000087000000| PB 0x0000000087000000| Untracked |  0
|  81|0x0000000087100000, 0x0000000087100000, 0x0000000087200000|  0%| F|  |TAMS 0x0000000087100000| PB 0x0000000087100000| Untracked |  0
|  82|0x0000000087200000, 0x0000000087200000, 0x0000000087300000|  0%| F|  |TAMS 0x0000000087200000| PB 0x0000000087200000| Untracked |  0
|  83|0x0000000087300000, 0x0000000087300000, 0x0000000087400000|  0%| F|  |TAMS 0x0000000087300000| PB 0x0000000087300000| Untracked |  0
|  84|0x0000000087400000, 0x0000000087400000, 0x0000000087500000|  0%| F|  |TAMS 0x0000000087400000| PB 0x0000000087400000| Untracked |  0
|  85|0x0000000087500000, 0x0000000087500000, 0x0000000087600000|  0%| F|  |TAMS 0x0000000087500000| PB 0x0000000087500000| Untracked |  0
|  86|0x0000000087600000, 0x0000000087600000, 0x0000000087700000|  0%| F|  |TAMS 0x0000000087600000| PB 0x0000000087600000| Untracked |  0
|  87|0x0000000087700000, 0x0000000087700000, 0x0000000087800000|  0%| F|  |TAMS 0x0000000087700000| PB 0x0000000087700000| Untracked |  0
|  88|0x0000000087800000, 0x0000000087800000, 0x0000000087900000|  0%| F|  |TAMS 0x0000000087800000| PB 0x0000000087800000| Untracked |  0
|  89|0x0000000087900000, 0x0000000087900000, 0x0000000087a00000|  0%| F|  |TAMS 0x0000000087900000| PB 0x0000000087900000| Untracked |  0
|  90|0x0000000087a00000, 0x0000000087a00000, 0x0000000087b00000|  0%| F|  |TAMS 0x0000000087a00000| PB 0x0000000087a00000| Untracked |  0
|  91|0x0000000087b00000, 0x0000000087b00000, 0x0000000087c00000|  0%| F|  |TAMS 0x0000000087b00000| PB 0x0000000087b00000| Untracked |  0
|  92|0x0000000087c00000, 0x0000000087c00000, 0x0000000087d00000|  0%| F|  |TAMS 0x0000000087c00000| PB 0x0000000087c00000| Untracked |  0
|  93|0x0000000087d00000, 0x0000000087d00000, 0x0000000087e00000|  0%| F|  |TAMS 0x0000000087d00000| PB 0x0000000087d00000| Untracked |  0
|  94|0x0000000087e00000, 0x0000000087e00000, 0x0000000087f00000|  0%| F|  |TAMS 0x0000000087e00000| PB 0x0000000087e00000| Untracked |  0
|  95|0x0000000087f00000, 0x0000000087f00000, 0x0000000088000000|  0%| F|  |TAMS 0x0000000087f00000| PB 0x0000000087f00000| Untracked |  0
|  96|0x0000000088000000, 0x0000000088000000, 0x0000000088100000|  0%| F|  |TAMS 0x0000000088000000| PB 0x0000000088000000| Untracked |  0
|  97|0x0000000088100000, 0x0000000088100000, 0x0000000088200000|  0%| F|  |TAMS 0x0000000088100000| PB 0x0000000088100000| Untracked |  0
|  98|0x0000000088200000, 0x0000000088200000, 0x0000000088300000|  0%| F|  |TAMS 0x0000000088200000| PB 0x0000000088200000| Untracked |  0
|  99|0x0000000088300000, 0x0000000088300000, 0x0000000088400000|  0%| F|  |TAMS 0x0000000088300000| PB 0x0000000088300000| Untracked |  0
| 100|0x0000000088400000, 0x0000000088400000, 0x0000000088500000|  0%| F|  |TAMS 0x0000000088400000| PB 0x0000000088400000| Untracked |  0
| 101|0x0000000088500000, 0x0000000088500000, 0x0000000088600000|  0%| F|  |TAMS 0x0000000088500000| PB 0x0000000088500000| Untracked |  0
| 102|0x0000000088600000, 0x0000000088600000, 0x0000000088700000|  0%| F|  |TAMS 0x0000000088600000| PB 0x0000000088600000| Untracked |  0
| 103|0x0000000088700000, 0x0000000088700000, 0x0000000088800000|  0%| F|  |TAMS 0x0000000088700000| PB 0x0000000088700000| Untracked |  0
| 104|0x0000000088800000, 0x0000000088800000, 0x0000000088900000|  0%| F|  |TAMS 0x0000000088800000| PB 0x0000000088800000| Untracked |  0
| 105|0x0000000088900000, 0x0000000088900000, 0x0000000088a00000|  0%| F|  |TAMS 0x0000000088900000| PB 0x0000000088900000| Untracked |  0
| 106|0x0000000088a00000, 0x0000000088a00000, 0x0000000088b00000|  0%| F|  |TAMS 0x0000000088a00000| PB 0x0000000088a00000| Untracked |  0
| 107|0x0000000088b00000, 0x0000000088b00000, 0x0000000088c00000|  0%| F|  |TAMS 0x0000000088b00000| PB 0x0000000088b00000| Untracked |  0
| 108|0x0000000088c00000, 0x0000000088c00000, 0x0000000088d00000|  0%| F|  |TAMS 0x0000000088c00000| PB 0x0000000088c00000| Untracked |  0
| 109|0x0000000088d00000, 0x0000000088d00000, 0x0000000088e00000|  0%| F|  |TAMS 0x0000000088d00000| PB 0x0000000088d00000| Untracked |  0
| 110|0x0000000088e00000, 0x0000000088e00000, 0x0000000088f00000|  0%| F|  |TAMS 0x0000000088e00000| PB 0x0000000088e00000| Untracked |  0
| 111|0x0000000088f00000, 0x0000000088f00000, 0x0000000089000000|  0%| F|  |TAMS 0x0000000088f00000| PB 0x0000000088f00000| Untracked |  0
| 112|0x0000000089000000, 0x0000000089000000, 0x0000000089100000|  0%| F|  |TAMS 0x0000000089000000| PB 0x0000000089000000| Untracked |  0
| 113|0x0000000089100000, 0x0000000089100000, 0x0000000089200000|  0%| F|  |TAMS 0x0000000089100000| PB 0x0000000089100000| Untracked |  0
| 114|0x0000000089200000, 0x0000000089200000, 0x0000000089300000|  0%| F|  |TAMS 0x0000000089200000| PB 0x0000000089200000| Untracked |  0
| 115|0x0000000089300000, 0x0000000089300000, 0x0000000089400000|  0%| F|  |TAMS 0x0000000089300000| PB 0x0000000089300000| Untracked |  0
| 116|0x0000000089400000, 0x0000000089400000, 0x0000000089500000|  0%| F|  |TAMS 0x0000000089400000| PB 0x0000000089400000| Untracked |  0
| 117|0x0000000089500000, 0x0000000089500000, 0x0000000089600000|  0%| F|  |TAMS 0x0000000089500000| PB 0x0000000089500000| Untracked |  0
| 118|0x0000000089600000, 0x0000000089600000, 0x0000000089700000|  0%| F|  |TAMS 0x0000000089600000| PB 0x0000000089600000| Untracked |  0
| 119|0x0000000089700000, 0x0000000089700000, 0x0000000089800000|  0%| F|  |TAMS 0x0000000089700000| PB 0x0000000089700000| Untracked |  0
| 120|0x0000000089800000, 0x0000000089800000, 0x0000000089900000|  0%| F|  |TAMS 0x0000000089800000| PB 0x0000000089800000| Untracked |  0
| 121|0x0000000089900000, 0x0000000089900000, 0x0000000089a00000|  0%| F|  |TAMS 0x0000000089900000| PB 0x0000000089900000| Untracked |  0
| 122|0x0000000089a00000, 0x0000000089a00000, 0x0000000089b00000|  0%| F|  |TAMS 0x0000000089a00000| PB 0x0000000089a00000| Untracked |  0
| 123|0x0000000089b00000, 0x0000000089b47af8, 0x0000000089c00000| 28%| E|  |TAMS 0x0000000089b00000| PB 0x0000000089b00000| Complete |  0
| 124|0x0000000089c00000, 0x0000000089d00000, 0x0000000089d00000|100%| E|CS|TAMS 0x0000000089c00000| PB 0x0000000089c00000| Complete |  0
| 125|0x0000000089d00000, 0x0000000089e00000, 0x0000000089e00000|100%| E|CS|TAMS 0x0000000089d00000| PB 0x0000000089d00000| Complete |  0

Card table byte_map: [0x00000174b74f0000,0x00000174b78e0000] _byte_map_base: 0x00000174b70e0000

Marking Bits: (CMBitMap*) 0x000001749fa13520
 Bits: [0x00000174b78e0000, 0x00000174b9860000)

Polling page: 0x000001749d7d0000

Metaspace:

Usage:
  Non-class:    422.34 KB used.
      Class:     27.17 KB used.
       Both:    449.51 KB used.

Virtual space:
  Non-class space:       64.00 MB reserved,     512.00 KB ( <1%) committed,  1 nodes.
      Class space:        1.00 GB reserved,     128.00 KB ( <1%) committed,  1 nodes.
             Both:        1.06 GB reserved,     640.00 KB ( <1%) committed. 

Chunk freelists:
   Non-Class:  11.98 MB
       Class:  15.74 MB
        Both:  27.73 MB

MaxMetaspaceSize: unlimited
CompressedClassSpaceSize: 1.00 GB
Initial GC threshold: 21.00 MB
Current GC threshold: 21.00 MB
CDS: on
 - commit_granule_bytes: 65536.
 - commit_granule_words: 8192.
 - virtual_space_node_default_size: 8388608.
 - enlarge_chunks_in_place: 1.
 - use_allocation_guard: 0.


Internal statistics:

num_allocs_failed_limit: 0.
num_arena_births: 12.
num_arena_deaths: 0.
num_vsnodes_births: 2.
num_vsnodes_deaths: 0.
num_space_committed: 10.
num_space_uncommitted: 0.
num_chunks_returned_to_freelist: 0.
num_chunks_taken_from_freelist: 12.
num_chunk_merges: 0.
num_chunk_splits: 8.
num_chunks_enlarged: 3.
num_inconsistent_stats: 0.

CodeHeap 'non-profiled nmethods': size=120064Kb used=63Kb max_used=63Kb free=120001Kb
 bounds [0x00000174afbc0000, 0x00000174afe30000, 0x00000174b7100000]
CodeHeap 'profiled nmethods': size=120000Kb used=150Kb max_used=150Kb free=119849Kb
 bounds [0x00000174a8100000, 0x00000174a8370000, 0x00000174af630000]
CodeHeap 'non-nmethods': size=5696Kb used=1268Kb max_used=1270Kb free=4427Kb
 bounds [0x00000174af630000, 0x00000174af8a0000, 0x00000174afbc0000]
CodeCache: size=245760Kb, used=1481Kb, max_used=1483Kb, free=244277Kb
 total_blobs=588, nmethods=196, adapters=298, full_count=0
Compilation: enabled, stopped_count=0, restarted_count=0

Compilation events (20 events):
Event: 0.187 Thread 0x00000174bbd28db0 nmethod 180 0x00000174a8123a08 code [0x00000174a8123b20, 0x00000174a8123c80]
Event: 0.187 Thread 0x00000174bbd28db0  181       3       java.lang.invoke.MemberName::allFlagsSet (16 bytes)
Event: 0.187 Thread 0x00000174bbd28db0 nmethod 181 0x00000174a8123d08 code [0x00000174a8123e20, 0x00000174a8123f80]
Event: 0.187 Thread 0x00000174bbd28db0  182       3       java.lang.invoke.MethodType::methodType (69 bytes)
Event: 0.188 Thread 0x00000174bbd28db0 nmethod 182 0x00000174a8124008 code [0x00000174a81241a0, 0x00000174a8124630]
Event: 24.806 Thread 0x00000174bbd28db0  186       3       java.lang.invoke.MemberName::initResolved (53 bytes)
Event: 24.807 Thread 0x00000174bbd28db0 nmethod 186 0x00000174a8124688 code [0x00000174a81247a0, 0x00000174a8124948]
Event: 24.808 Thread 0x00000174bbd28db0  189       1       java.lang.invoke.MethodTypeForm::erasedType (5 bytes)
Event: 24.808 Thread 0x00000174bbd28db0 nmethod 189 0x00000174afbcf308 code [0x00000174afbcf420, 0x00000174afbcf4e8]
Event: 24.808 Thread 0x00000174bbd28db0  192       3       java.lang.invoke.LambdaForm::argument (27 bytes)
Event: 24.809 Thread 0x00000174bbd28db0 nmethod 192 0x00000174a8124988 code [0x00000174a8124ac0, 0x00000174a8124d18]
Event: 24.809 Thread 0x00000174bbd28db0  193       3       java.lang.Math::max (11 bytes)
Event: 24.809 Thread 0x00000174bbd28db0 nmethod 193 0x00000174a8124d88 code [0x00000174a8124ea0, 0x00000174a8124fd0]
Event: 24.813 Thread 0x00000174bbd28db0  194       3       java.lang.Number::<init> (5 bytes)
Event: 24.813 Thread 0x00000174bbd28db0 nmethod 194 0x00000174a8125088 code [0x00000174a81251a0, 0x00000174a8125308]
Event: 24.813 Thread 0x00000174bbd28db0  195       3       java.lang.Long::<init> (10 bytes)
Event: 24.813 Thread 0x00000174bbd28db0 nmethod 195 0x00000174a8125388 code [0x00000174a81254a0, 0x00000174a8125668]
Event: 24.814 Thread 0x00000174bbd28db0  196       3       jdk.internal.org.objectweb.asm.SymbolTable::get (13 bytes)
Event: 24.815 Thread 0x00000174bbd28db0 nmethod 196 0x00000174a8125688 code [0x00000174a81257a0, 0x00000174a81258f8]
Event: 24.815 Thread 0x00000174bbd28db0  197       3       jdk.internal.org.objectweb.asm.ByteVector::putUTF8 (144 bytes)

GC Heap History (0 events):
No events

Dll operation events (3 events):
Event: 0.014 Loaded shared library C:\Program Files\Java\jdk-23\bin\java.dll
Event: 0.066 Loaded shared library C:\Program Files\Java\jdk-23\bin\jsvml.dll
Event: 0.163 Loaded shared library C:\Program Files\Java\jdk-23\bin\jimage.dll

Deoptimization events (0 events):
No events

Classes loaded (20 events):
Event: 0.154 Loading class java/io/InputStreamReader
Event: 0.154 Loading class java/io/Reader
Event: 0.154 Loading class java/io/Reader done
Event: 0.154 Loading class java/io/InputStreamReader done
Event: 0.154 Loading class sun/nio/cs/StreamDecoder
Event: 0.154 Loading class sun/nio/cs/StreamDecoder done
Event: 0.154 Loading class sun/nio/cs/UTF_8$Decoder
Event: 0.154 Loading class sun/nio/cs/UTF_8$Decoder done
Event: 0.154 Loading class java/util/Scanner$PatternLRUCache
Event: 0.154 Loading class java/util/Scanner$PatternLRUCache done
Event: 0.160 Loading class jdk/internal/module/ModulePatcher$PatchedModuleReader
Event: 0.160 Loading class jdk/internal/module/ModulePatcher$PatchedModuleReader done
Event: 0.164 Loading class sun/net/www/protocol/jrt/Handler
Event: 0.164 Loading class sun/net/www/protocol/jrt/Handler done
Event: 0.180 Loading class sun/text/resources/cldr/FormatData_en
Event: 0.180 Loading class sun/text/resources/cldr/FormatData_en done
Event: 0.181 Loading class sun/text/resources/cldr/FormatData_en_US
Event: 0.181 Loading class sun/text/resources/cldr/FormatData_en_US done
Event: 24.776 Loading class java/util/regex/Matcher$ImmutableMatchResult
Event: 24.776 Loading class java/util/regex/Matcher$ImmutableMatchResult done

Classes unloaded (0 events):
No events

Classes redefined (0 events):
No events

Internal exceptions (0 events):
No events

VM Operations (0 events):
No events

Memory protections (0 events):
No events

Nmethod flushes (0 events):
No events

Events (11 events):
Event: 0.042 Thread 0x000001749d81ecc0 Thread added: 0x000001749d81ecc0
Event: 0.062 Thread 0x000001749d81ecc0 Thread added: 0x00000174bbd0e740
Event: 0.062 Thread 0x000001749d81ecc0 Thread added: 0x00000174bbd0f170
Event: 0.062 Thread 0x000001749d81ecc0 Thread added: 0x00000174bbd10b50
Event: 0.062 Thread 0x000001749d81ecc0 Thread added: 0x00000174bbd13520
Event: 0.063 Thread 0x000001749d81ecc0 Thread added: 0x00000174bbd17ba0
Event: 0.063 Thread 0x000001749d81ecc0 Thread added: 0x00000174bbd20220
Event: 0.063 Thread 0x000001749d81ecc0 Thread added: 0x00000174bbd260d0
Event: 0.063 Thread 0x000001749d81ecc0 Thread added: 0x00000174bbd28db0
Event: 0.108 Thread 0x000001749d81ecc0 Thread added: 0x00000174fd1207e0
Event: 0.112 Thread 0x000001749d81ecc0 Thread added: 0x00000174fd120150


Dynamic libraries:
0x00007ff6f1870000 - 0x00007ff6f1880000 	C:\Program Files\Java\jdk-23\bin\java.exe
0x00007ff8f53b0000 - 0x00007ff8f55a8000 	C:\WINDOWS\SYSTEM32\ntdll.dll
0x00007ff8f4f40000 - 0x00007ff8f5002000 	C:\WINDOWS\System32\KERNEL32.DLL
0x00007ff8f2ed0000 - 0x00007ff8f31c6000 	C:\WINDOWS\System32\KERNELBASE.dll
0x00007ff8f2cb0000 - 0x00007ff8f2db0000 	C:\WINDOWS\System32\ucrtbase.dll
0x00007ff8e43e0000 - 0x00007ff8e43fb000 	C:\Program Files\Java\jdk-23\bin\VCRUNTIME140.dll
0x00007ff8e4210000 - 0x00007ff8e4227000 	C:\Program Files\Java\jdk-23\bin\jli.dll
0x00007ff8f3a30000 - 0x00007ff8f3bcd000 	C:\WINDOWS\System32\USER32.dll
0x00007ff8e8c10000 - 0x00007ff8e8eaa000 	C:\WINDOWS\WinSxS\amd64_microsoft.windows.common-controls_6595b64144ccf1df_6.0.19041.5794_none_60bcd33171f2783c\COMCTL32.dll
0x00007ff8f35b0000 - 0x00007ff8f364e000 	C:\WINDOWS\System32\msvcrt.dll
0x00007ff8f2e00000 - 0x00007ff8f2e22000 	C:\WINDOWS\System32\win32u.dll
0x00007ff8f4500000 - 0x00007ff8f452b000 	C:\WINDOWS\System32\GDI32.dll
0x00007ff8f2b60000 - 0x00007ff8f2c7a000 	C:\WINDOWS\System32\gdi32full.dll
0x00007ff8f2e30000 - 0x00007ff8f2ecd000 	C:\WINDOWS\System32\msvcp_win.dll
0x00007ff8f4e70000 - 0x00007ff8f4e9f000 	C:\WINDOWS\System32\IMM32.DLL
0x00007ff8edec0000 - 0x00007ff8edecc000 	C:\Program Files\Java\jdk-23\bin\vcruntime140_1.dll
0x00007ff8b7020000 - 0x00007ff8b70ae000 	C:\Program Files\Java\jdk-23\bin\msvcp140.dll
0x00007ff8732c0000 - 0x00007ff87400f000 	C:\Program Files\Java\jdk-23\bin\server\jvm.dll
0x00007ff8f33e0000 - 0x00007ff8f348f000 	C:\WINDOWS\System32\ADVAPI32.dll
0x00007ff8f4ea0000 - 0x00007ff8f4f3f000 	C:\WINDOWS\System32\sechost.dll
0x00007ff8f48d0000 - 0x00007ff8f49f3000 	C:\WINDOWS\System32\RPCRT4.dll
0x00007ff8f2c80000 - 0x00007ff8f2ca7000 	C:\WINDOWS\System32\bcrypt.dll
0x00007ff8f5300000 - 0x00007ff8f536b000 	C:\WINDOWS\System32\WS2_32.dll
0x00007ff8f28b0000 - 0x00007ff8f28fb000 	C:\WINDOWS\SYSTEM32\POWRPROF.dll
0x00007ff8e7780000 - 0x00007ff8e77a7000 	C:\WINDOWS\SYSTEM32\WINMM.dll
0x00007ff8eeff0000 - 0x00007ff8eeffa000 	C:\WINDOWS\SYSTEM32\VERSION.dll
0x00007ff8f2890000 - 0x00007ff8f28a2000 	C:\WINDOWS\SYSTEM32\UMPDC.dll
0x00007ff8f14a0000 - 0x00007ff8f14b2000 	C:\WINDOWS\SYSTEM32\kernel.appcore.dll
0x00007ff8e71b0000 - 0x00007ff8e71ba000 	C:\Program Files\Java\jdk-23\bin\jimage.dll
0x00007ff8f0f20000 - 0x00007ff8f1121000 	C:\WINDOWS\SYSTEM32\DBGHELP.DLL
0x00007ff8ef2b0000 - 0x00007ff8ef2e4000 	C:\WINDOWS\SYSTEM32\dbgcore.DLL
0x00007ff8f2ad0000 - 0x00007ff8f2b52000 	C:\WINDOWS\System32\bcryptPrimitives.dll
0x00007ff8e4190000 - 0x00007ff8e41ae000 	C:\Program Files\Java\jdk-23\bin\java.dll
0x00007ff8f4530000 - 0x00007ff8f465b000 	C:\WINDOWS\System32\ole32.dll
0x00007ff8f36b0000 - 0x00007ff8f3a03000 	C:\WINDOWS\System32\combase.dll
0x00007ff8f3d90000 - 0x00007ff8f44fe000 	C:\WINDOWS\System32\SHELL32.dll
0x00007ff8f06a0000 - 0x00007ff8f0e43000 	C:\WINDOWS\SYSTEM32\windows.storage.dll
0x00007ff8f23b0000 - 0x00007ff8f23db000 	C:\WINDOWS\SYSTEM32\Wldp.dll
0x00007ff8f51a0000 - 0x00007ff8f526d000 	C:\WINDOWS\System32\OLEAUT32.dll
0x00007ff8f4660000 - 0x00007ff8f470d000 	C:\WINDOWS\System32\SHCORE.dll
0x00007ff8f3650000 - 0x00007ff8f36a5000 	C:\WINDOWS\System32\shlwapi.dll
0x00007ff8f2980000 - 0x00007ff8f29a5000 	C:\WINDOWS\SYSTEM32\profapi.dll
0x00007ff8b6f40000 - 0x00007ff8b7017000 	C:\Program Files\Java\jdk-23\bin\jsvml.dll

dbghelp: loaded successfully - version: 4.0.5 - missing functions: none
symbol engine: initialized successfully - sym options: 0x614 - pdb path: .;C:\Program Files\Java\jdk-23\bin;C:\WINDOWS\SYSTEM32;C:\WINDOWS\WinSxS\amd64_microsoft.windows.common-controls_6595b64144ccf1df_6.0.19041.5794_none_60bcd33171f2783c;C:\Program Files\Java\jdk-23\bin\server

VM Arguments:
jvm_args: -XX:+ShowCodeDetailsInExceptionMessages 
java_command: LibraryManagementSystem.LibraryManagementSystem
java_class_path (initial): C:\Users\DELL\AppData\Roaming\Code\User\workspaceStorage\f35f174b830e6707074b2f41919f6b50\redhat.java\jdt_ws\cognizant_bed124a\bin
Launcher Type: SUN_STANDARD

[Global flags]
     intx CICompilerCount                          = 3                                         {product} {ergonomic}
     uint ConcGCThreads                            = 1                                         {product} {ergonomic}
     uint G1ConcRefinementThreads                  = 4                                         {product} {ergonomic}
   size_t G1HeapRegionSize                         = 1048576                                   {product} {ergonomic}
   size_t InitialHeapSize                          = 132120576                                 {product} {ergonomic}
   size_t MarkStackSize                            = 4194304                                   {product} {ergonomic}
   size_t MarkStackSizeMax                         = 536870912                                 {product} {ergonomic}
   size_t MaxHeapSize                              = 2113929216                                {product} {ergonomic}
   size_t MaxNewSize                               = 1267728384                                {product} {ergonomic}
   size_t MinHeapDeltaBytes                        = 1048576                                   {product} {ergonomic}
   size_t MinHeapSize                              = 8388608                                   {product} {ergonomic}
    uintx NonNMethodCodeHeapSize                   = 5832704                                {pd product} {ergonomic}
    uintx NonProfiledCodeHeapSize                  = 122945536                              {pd product} {ergonomic}
    uintx ProfiledCodeHeapSize                     = 122880000                              {pd product} {ergonomic}
    uintx ReservedCodeCacheSize                    = 251658240                              {pd product} {ergonomic}
     bool SegmentedCodeCache                       = true                                      {product} {ergonomic}
     bool ShowCodeDetailsInExceptionMessages       = true                                   {manageable} {command line}
   size_t SoftMaxHeapSize                          = 2113929216                             {manageable} {ergonomic}
     bool UseCompressedOops                        = true                           {product lp64_product} {ergonomic}
     bool UseG1GC                                  = true                                      {product} {ergonomic}
     bool UseLargePagesIndividualAllocation        = false                                  {pd product} {ergonomic}

Logging:
Log output configuration:
 #0: stdout all=warning uptime,level,tags foldmultilines=false
 #1: stderr all=off uptime,level,tags foldmultilines=false

Environment Variables:
JAVA_HOME=C:\Program Files\Java\jdk-23\bin
PATH=C:\Program Files\Python313\Scripts\;C:\Program Files\Python313\;C:\Program Files\Common Files\Oracle\Java\javapath;C:\WINDOWS\system32;C:\WINDOWS;C:\WINDOWS\System32\Wbem;C:\WINDOWS\System32\WindowsPowerShell\v1.0\;C:\WINDOWS\System32\OpenSSH\;C:\Program Files\Java\jdk-23\bin;C:\Program Files\Git\cmd;C:\Program Files\Git\mingw64\bin;C:\Program Files\Git\usr\bin;C:\Users\DELL\AppData\Local\Microsoft\WindowsApps;C:\Program Files\MongoDB\Server\8.0\bin;C:\Users\DELL\AppData\Local\Programs\Microsoft VS Code\bin;C:\Users\DELL\AppData\Local\Programs\cursor\resources\app\bin
USERNAME=DELL
LANG=en_US.UTF-8
OS=Windows_NT
PROCESSOR_IDENTIFIER=Intel64 Family 6 Model 142 Stepping 9, GenuineIntel
TMP=C:\Users\DELL\AppData\Local\Temp
TEMP=C:\Users\DELL\AppData\Local\Temp




Periodic native trim disabled

---------------  S Y S T E M  ---------------

OS:
 Windows 10 , 64 bit Build 19041 (10.0.19041.5794)
OS uptime: 2 days 7:15 hours

CPU: total 4 (initial active 4) (2 cores per cpu, 2 threads per core) family 6 model 142 stepping 9 microcode 0xb4, cx8, cmov, fxsr, ht, mmx, 3dnowpref, sse, sse2, sse3, ssse3, sse4.1, sse4.2, popcnt, lzcnt, tsc, tscinvbit, avx, avx2, aes, erms, clmul, bmi1, bmi2, adx, fma, vzeroupper, clflush, clflushopt, rdtscp, f16c
Processor Information for processor 0
  Max Mhz: 2300, Current Mhz: 2300, Mhz Limit: 2300
Processor Information for processor 1
  Max Mhz: 2300, Current Mhz: 2300, Mhz Limit: 2300
Processor Information for processor 2
  Max Mhz: 2300, Current Mhz: 1500, Mhz Limit: 2300
Processor Information for processor 3
  Max Mhz: 2300, Current Mhz: 2300, Mhz Limit: 2300

Memory: 4k page, system-wide physical 8057M (1322M free)
TotalPageFile size 10105M (AvailPageFile size 522M)
current process WorkingSet (physical memory assigned to process): 36M, peak: 36M
current process commit charge ("private bytes"): 199M, peak: 199M

vm_info: Java HotSpot(TM) 64-Bit Server VM (23.0.1+11-39) for windows-amd64 JRE (23.0.1+11-39), built on 2024-09-30T07:20:43Z with MS VC++ 17.6 (VS2022)

END.
